0 info it worked if it ends with ok
1 verbose cli [ 'C:\\Program Files\\nodejs\\node.exe',
1 verbose cli   'C:\\Program Files\\nodejs\\node_modules\\npm\\bin\\npm-cli.js',
1 verbose cli   'run',
1 verbose cli   'test:all' ]
2 info using npm@3.6.0
3 info using node@v5.6.0
4 verbose run-script [ 'pretest:all', 'test:all', 'posttest:all' ]
5 info lifecycle helpsystem@1.0.0~pretest:all: helpsystem@1.0.0
6 silly lifecycle helpsystem@1.0.0~pretest:all: no script for pretest:all, continuing
7 info lifecycle helpsystem@1.0.0~test:all: helpsystem@1.0.0
8 verbose lifecycle helpsystem@1.0.0~test:all: unsafe-perm in lifecycle true
9 verbose lifecycle helpsystem@1.0.0~test:all: PATH: C:\Program Files\nodejs\node_modules\npm\bin\node-gyp-bin;C:\Users\Shin\Desktop\UTS\SDP\HELP\node_modules\.bin;C:\ProgramData\Oracle\Java\javapath;C:\Program Files (x86)\Intel\iCLS Client\;C:\Program Files\Intel\iCLS Client\;C:\WINDOWS\system32;C:\WINDOWS;C:\WINDOWS\System32\Wbem;C:\WINDOWS\System32\WindowsPowerShell\v1.0\;C:\Program Files (x86)\Windows Live\Shared;C:\Program Files\Intel\Intel(R) Management Engine Components\DAL;C:\Program Files (x86)\Intel\Intel(R) Management Engine Components\DAL;C:\Program Files\Intel\Intel(R) Management Engine Components\IPT;C:\Program Files (x86)\Intel\Intel(R) Management Engine Components\IPT;C:\Program Files\Intel\WiFi\bin\;C:\Program Files\Common Files\Intel\WirelessCommon\;C:\Program Files (x86)\Skype\Phone\;C:\Program Files\nodejs\;C:\WINDOWS\system32\config\systemprofile\.dnx\bin;C:\Program Files\Microsoft DNX\Dnvm\;C:\Program Files\Microsoft SQL Server\120\Tools\Binn\;C:\HashiCorp\Vagrant\bin;C:\Users\Shin\Documents\php-7.0.7-nts-Win32-VC14-x86;C:\ProgramData\ComposerSetup\bin;C:\Users\Shin\AppData\Local\Programs\Git\cmd;C:\Users\Shin\AppData\Local\Programs\Git\mingw64\bin;C:\Users\Shin\AppData\Local\Programs\Git\usr\bin;C:\ProgramData\chocolatey\bin;C:\Users\Shin\AppData\Local\Programs\Python\Python35-32\Scripts\;C:\Users\Shin\AppData\Local\Programs\Python\Python35-32\;C:\Program Files (x86)\Google\Chrome\Application;C:\Program Files (x86)\Intel\iCLS Client\;C:\Program Files\Intel\iCLS Client\;C:\WINDOWS\system32;C:\WINDOWS;C:\WINDOWS\System32\Wbem;C:\WINDOWS\System32\WindowsPowerShell\v1.0\;C:\Program Files (x86)\Windows Live\Shared;C:\Program Files\Intel\Intel(R) Management Engine Components\DAL;C:\Program Files (x86)\Intel\Intel(R) Management Engine Components\DAL;C:\Program Files\Intel\Intel(R) Management Engine Components\IPT;C:\Program Files (x86)\Intel\Intel(R) Management Engine Components\IPT;C:\Program Files\Intel\WiFi\bin\;C:\Program Files\Common Files\Intel\WirelessCommon\;C:\Program Files (x86)\Skype\Phone\;C:\Ruby22\bin;C:\Users\Shin\AppData\Roaming\npm;C:\OpenSSL-Win32\bin;C:\Users\Shin\AppData\Local\atom\bin;C:\Users\Shin\AppData\Local\Atlassian\SourceTree\git_local\usr\libexec;C:\galen-bin-2.2.5;C:\Users\Shin\AppData\Roaming\npm\node_modules\casperjs\bin;C:\Users\Shin\AppData\Roaming\Composer\vendor\bin;C:\Users\Shin\AppData\Local\Microsoft\WindowsApps;C:\Users\Shin\Google Drive\GS30\Documents\php-7.0.7-nts-Win32-VC14-x86\
10 verbose lifecycle helpsystem@1.0.0~test:all: CWD: C:\Users\Shin\Desktop\UTS\SDP\HELP
11 silly lifecycle helpsystem@1.0.0~test:all: Args: [ '/d /s /c',
11 silly lifecycle   'mocha --compilers js:babel-core/register --recursive tests/.' ]
12 silly lifecycle helpsystem@1.0.0~test:all: Returned: code: 1  signal: null
13 info lifecycle helpsystem@1.0.0~test:all: Failed to exec test:all script
14 verbose stack Error: helpsystem@1.0.0 test:all: `mocha --compilers js:babel-core/register --recursive tests/.`
14 verbose stack Exit status 1
14 verbose stack     at EventEmitter.<anonymous> (C:\Program Files\nodejs\node_modules\npm\lib\utils\lifecycle.js:232:16)
14 verbose stack     at emitTwo (events.js:100:13)
14 verbose stack     at EventEmitter.emit (events.js:185:7)
14 verbose stack     at ChildProcess.<anonymous> (C:\Program Files\nodejs\node_modules\npm\lib\utils\spawn.js:24:14)
14 verbose stack     at emitTwo (events.js:100:13)
14 verbose stack     at ChildProcess.emit (events.js:185:7)
14 verbose stack     at maybeClose (internal/child_process.js:827:16)
14 verbose stack     at Process.ChildProcess._handle.onexit (internal/child_process.js:211:5)
15 verbose pkgid helpsystem@1.0.0
16 verbose cwd C:\Users\Shin\Desktop\UTS\SDP\HELP
17 error Windows_NT 10.0.14393
18 error argv "C:\\Program Files\\nodejs\\node.exe" "C:\\Program Files\\nodejs\\node_modules\\npm\\bin\\npm-cli.js" "run" "test:all"
19 error node v5.6.0
20 error npm  v3.6.0
21 error code ELIFECYCLE
22 error helpsystem@1.0.0 test:all: `mocha --compilers js:babel-core/register --recursive tests/.`
22 error Exit status 1
23 error Failed at the helpsystem@1.0.0 test:all script 'mocha --compilers js:babel-core/register --recursive tests/.'.
23 error Make sure you have the latest version of node.js and npm installed.
23 error If you do, this is most likely a problem with the helpsystem package,
23 error not with npm itself.
23 error Tell the author that this fails on your system:
23 error     mocha --compilers js:babel-core/register --recursive tests/.
23 error You can get information on how to open an issue for this project with:
23 error     npm bugs helpsystem
23 error Or if that isn't available, you can get their info via:
23 error     npm owner ls helpsystem
23 error There is likely additional logging output above.
24 verbose exit [ 1, true ]
